precios 10 20
Total: 0 productos
1 productos
2 productos
3 productos
4 productos
precios 15 100
1. Pascuard BELL Viseo230 23" Full HD (84021349837)
  Monitor Full HD de 23" con un precio INCREÍBLE . Alta definición .
  99.95 euros
2. SanDisk MicroSDXC 64GB Mobile Ultra Clase 10 Android Edition (8982377636748)
  Disfrute de más velocidad y una capacidad máxima de almacenamiento para fotos
  44 euros
Total: 2 productos
precios 0 10000
1. Monitor SONI 84'' (80021349214)
  Monitor Full HD de 84" con un precio INCREÍBLEMENTE CARO .
  9999.95 euros
2. Pascuard BELL Viseo230 23" Full HD (84021349837)
  Monitor Full HD de 23" con un precio INCREÍBLE . Alta definición .
  99.95 euros
3. Auriculares SONI 84 Mwatios (8403787362543)
  Unos bonitos auriculares de alta definición
  14.95 euros
4. SanDisk MicroSDXC 64GB Mobile Ultra Clase 10 Android Edition (8982377636748)
  Disfrute de más velocidad y una capacidad máxima de almacenamiento para fotos
  44 euros
Total: 4 productos
precios 99.95 99.95
1. Pascuard BELL Viseo230 23" Full HD (84021349837)
  Monitor Full HD de 23" con un precio INCREÍBLE . Alta definición .
  99.95 euros
Total: 1 productos
precios 44 99.95
1. Pascuard BELL Viseo230 23" Full HD (84021349837)
  Monitor Full HD de 23" con un precio INCREÍBLE . Alta definición .
  99.95 euros
2. SanDisk MicroSDXC 64GB Mobile Ultra Clase 10 Android Edition (8982377636748)
  Disfrute de más velocidad y una capacidad máxima de almacenamiento para fotos
  44 euros
Total: 2 productos
precios 50 100
1. Pascuard BELL Viseo230 23" Full HD (84021349837)
  Monitor Full HD de 23" con un precio INCREÍBLE . Alta definición .
  99.95 euros
Total: 1 productos
